<?xml version="1.0" encoding="UTF-8"?>
<testsuite xmlns:xsi="http://www.w3.org/2001/XMLSchema-instance" xsi:noNamespaceSchemaLocation="https://maven.apache.org/surefire/maven-surefire-plugin/xsd/surefire-test-report.xsd" name="io.kimmking.springboot01.Springboot01ApplicationTests" time="0.173" tests="3" errors="3" skipped="0" failures="0">
  <properties>
    <property name="sun.desktop" value="windows"/>
    <property name="awt.toolkit" value="sun.awt.windows.WToolkit"/>
    <property name="file.encoding.pkg" value="sun.io"/>
    <property name="java.specification.version" value="1.8"/>
    <property name="sun.cpu.isalist" value="amd64"/>
    <property name="sun.jnu.encoding" value="GBK"/>
    <property name="java.class.path" value="D:\jiangfeng\Java训练营\kimmking\04fx\springboot01\target\test-classes;D:\jiangfeng\Java训练营\kimmking\04fx\springboot01\target\classes;D:\win10_soft\respository\org\springframework\boot\spring-boot-starter\2.0.9.RELEASE\spring-boot-starter-2.0.9.RELEASE.jar;D:\win10_soft\respository\org\springframework\boot\spring-boot\2.0.9.RELEASE\spring-boot-2.0.9.RELEASE.jar;D:\win10_soft\respository\org\springframework\spring-context\5.0.13.RELEASE\spring-context-5.0.13.RELEASE.jar;D:\win10_soft\respository\org\springframework\boot\spring-boot-autoconfigure\2.0.9.RELEASE\spring-boot-autoconfigure-2.0.9.RELEASE.jar;D:\win10_soft\respository\org\springframework\boot\spring-boot-starter-logging\2.0.9.RELEASE\spring-boot-starter-logging-2.0.9.RELEASE.jar;D:\win10_soft\respository\ch\qos\logback\logback-classic\1.2.3\logback-classic-1.2.3.jar;D:\win10_soft\respository\ch\qos\logback\logback-core\1.2.3\logback-core-1.2.3.jar;D:\win10_soft\respository\org\apache\logging\log4j\log4j-to-slf4j\2.10.0\log4j-to-slf4j-2.10.0.jar;D:\win10_soft\respository\org\apache\logging\log4j\log4j-api\2.10.0\log4j-api-2.10.0.jar;D:\win10_soft\respository\org\slf4j\jul-to-slf4j\1.7.26\jul-to-slf4j-1.7.26.jar;D:\win10_soft\respository\javax\annotation\javax.annotation-api\1.3.2\javax.annotation-api-1.3.2.jar;D:\win10_soft\respository\org\springframework\spring-core\5.0.13.RELEASE\spring-core-5.0.13.RELEASE.jar;D:\win10_soft\respository\org\springframework\spring-jcl\5.0.13.RELEASE\spring-jcl-5.0.13.RELEASE.jar;D:\win10_soft\respository\org\yaml\snakeyaml\1.19\snakeyaml-1.19.jar;D:\win10_soft\respository\org\springframework\boot\spring-boot-starter-activemq\2.0.9.RELEASE\spring-boot-starter-activemq-2.0.9.RELEASE.jar;D:\win10_soft\respository\org\springframework\spring-jms\5.0.13.RELEASE\spring-jms-5.0.13.RELEASE.jar;D:\win10_soft\respository\org\springframework\spring-beans\5.0.13.RELEASE\spring-beans-5.0.13.RELEASE.jar;D:\win10_soft\respository\org\springframework\spring-messaging\5.0.13.RELEASE\spring-messaging-5.0.13.RELEASE.jar;D:\win10_soft\respository\org\springframework\spring-tx\5.0.13.RELEASE\spring-tx-5.0.13.RELEASE.jar;D:\win10_soft\respository\org\apache\activemq\activemq-broker\5.15.9\activemq-broker-5.15.9.jar;D:\win10_soft\respository\org\apache\activemq\activemq-openwire-legacy\5.15.9\activemq-openwire-legacy-5.15.9.jar;D:\win10_soft\respository\com\google\guava\guava\18.0\guava-18.0.jar;D:\win10_soft\respository\com\fasterxml\jackson\core\jackson-databind\2.9.8\jackson-databind-2.9.8.jar;D:\win10_soft\respository\com\fasterxml\jackson\core\jackson-annotations\2.9.0\jackson-annotations-2.9.0.jar;D:\win10_soft\respository\com\fasterxml\jackson\core\jackson-core\2.9.8\jackson-core-2.9.8.jar;D:\win10_soft\respository\javax\jms\javax.jms-api\2.0.1\javax.jms-api-2.0.1.jar;D:\win10_soft\respository\org\springframework\boot\spring-boot-starter-web\2.0.9.RELEASE\spring-boot-starter-web-2.0.9.RELEASE.jar;D:\win10_soft\respository\org\springframework\boot\spring-boot-starter-json\2.0.9.RELEASE\spring-boot-starter-json-2.0.9.RELEASE.jar;D:\win10_soft\respository\com\fasterxml\jackson\datatype\jackson-datatype-jdk8\2.9.8\jackson-datatype-jdk8-2.9.8.jar;D:\win10_soft\respository\com\fasterxml\jackson\datatype\jackson-datatype-jsr310\2.9.8\jackson-datatype-jsr310-2.9.8.jar;D:\win10_soft\respository\com\fasterxml\jackson\module\jackson-module-parameter-names\2.9.8\jackson-module-parameter-names-2.9.8.jar;D:\win10_soft\respository\org\springframework\boot\spring-boot-starter-tomcat\2.0.9.RELEASE\spring-boot-starter-tomcat-2.0.9.RELEASE.jar;D:\win10_soft\respository\org\apache\tomcat\embed\tomcat-embed-core\8.5.39\tomcat-embed-core-8.5.39.jar;D:\win10_soft\respository\org\apache\tomcat\embed\tomcat-embed-el\8.5.39\tomcat-embed-el-8.5.39.jar;D:\win10_soft\respository\org\apache\tomcat\embed\tomcat-embed-websocket\8.5.39\tomcat-embed-websocket-8.5.39.jar;D:\win10_soft\respository\org\hibernate\validator\hibernate-validator\6.0.16.Final\hibernate-validator-6.0.16.Final.jar;D:\win10_soft\respository\javax\validation\validation-api\2.0.1.Final\validation-api-2.0.1.Final.jar;D:\win10_soft\respository\org\jboss\logging\jboss-logging\3.3.2.Final\jboss-logging-3.3.2.Final.jar;D:\win10_soft\respository\com\fasterxml\classmate\1.3.4\classmate-1.3.4.jar;D:\win10_soft\respository\org\springframework\spring-web\5.0.13.RELEASE\spring-web-5.0.13.RELEASE.jar;D:\win10_soft\respository\org\springframework\spring-webmvc\5.0.13.RELEASE\spring-webmvc-5.0.13.RELEASE.jar;D:\win10_soft\respository\org\springframework\spring-aop\5.0.13.RELEASE\spring-aop-5.0.13.RELEASE.jar;D:\win10_soft\respository\org\springframework\spring-expression\5.0.13.RELEASE\spring-expression-5.0.13.RELEASE.jar;D:\win10_soft\respository\org\apache\activemq\activemq-pool\5.15.0\activemq-pool-5.15.0.jar;D:\win10_soft\respository\org\slf4j\slf4j-api\1.7.26\slf4j-api-1.7.26.jar;D:\win10_soft\respository\org\apache\activemq\activemq-jms-pool\5.15.9\activemq-jms-pool-5.15.9.jar;D:\win10_soft\respository\org\apache\geronimo\specs\geronimo-jms_1.1_spec\1.1.1\geronimo-jms_1.1_spec-1.1.1.jar;D:\win10_soft\respository\org\apache\activemq\activemq-client\5.15.9\activemq-client-5.15.9.jar;D:\win10_soft\respository\org\fusesource\hawtbuf\hawtbuf\1.11\hawtbuf-1.11.jar;D:\win10_soft\respository\org\apache\geronimo\specs\geronimo-j2ee-management_1.1_spec\1.0.1\geronimo-j2ee-management_1.1_spec-1.0.1.jar;D:\win10_soft\respository\org\apache\geronimo\specs\geronimo-jta_1.0.1B_spec\1.0.1\geronimo-jta_1.0.1B_spec-1.0.1.jar;D:\win10_soft\respository\org\apache\commons\commons-pool2\2.5.0\commons-pool2-2.5.0.jar;D:\win10_soft\respository\org\springframework\boot\spring-boot-starter-data-mongodb\2.0.9.RELEASE\spring-boot-starter-data-mongodb-2.0.9.RELEASE.jar;D:\win10_soft\respository\org\mongodb\mongodb-driver\3.6.4\mongodb-driver-3.6.4.jar;D:\win10_soft\respository\org\mongodb\bson\3.6.4\bson-3.6.4.jar;D:\win10_soft\respository\org\mongodb\mongodb-driver-core\3.6.4\mongodb-driver-core-3.6.4.jar;D:\win10_soft\respository\org\springframework\data\spring-data-mongodb\2.0.14.RELEASE\spring-data-mongodb-2.0.14.RELEASE.jar;D:\win10_soft\respository\org\springframework\data\spring-data-commons\2.0.14.RELEASE\spring-data-commons-2.0.14.RELEASE.jar;D:\win10_soft\respository\org\springframework\boot\spring-boot-starter-test\2.0.9.RELEASE\spring-boot-starter-test-2.0.9.RELEASE.jar;D:\win10_soft\respository\org\springframework\boot\spring-boot-test\2.0.9.RELEASE\spring-boot-test-2.0.9.RELEASE.jar;D:\win10_soft\respository\org\springframework\boot\spring-boot-test-autoconfigure\2.0.9.RELEASE\spring-boot-test-autoconfigure-2.0.9.RELEASE.jar;D:\win10_soft\respository\com\jayway\jsonpath\json-path\2.4.0\json-path-2.4.0.jar;D:\win10_soft\respository\net\minidev\json-smart\2.3\json-smart-2.3.jar;D:\win10_soft\respository\net\minidev\accessors-smart\1.2\accessors-smart-1.2.jar;D:\win10_soft\respository\org\ow2\asm\asm\5.0.4\asm-5.0.4.jar;D:\win10_soft\respository\junit\junit\4.12\junit-4.12.jar;D:\win10_soft\respository\org\assertj\assertj-core\3.9.1\assertj-core-3.9.1.jar;D:\win10_soft\respository\org\mockito\mockito-core\2.15.0\mockito-core-2.15.0.jar;D:\win10_soft\respository\net\bytebuddy\byte-buddy\1.7.11\byte-buddy-1.7.11.jar;D:\win10_soft\respository\net\bytebuddy\byte-buddy-agent\1.7.11\byte-buddy-agent-1.7.11.jar;D:\win10_soft\respository\org\objenesis\objenesis\2.6\objenesis-2.6.jar;D:\win10_soft\respository\org\hamcrest\hamcrest-core\1.3\hamcrest-core-1.3.jar;D:\win10_soft\respository\org\hamcrest\hamcrest-library\1.3\hamcrest-library-1.3.jar;D:\win10_soft\respository\org\skyscreamer\jsonassert\1.5.0\jsonassert-1.5.0.jar;D:\win10_soft\respository\com\vaadin\external\google\android-json\0.0.20131108.vaadin1\android-json-0.0.20131108.vaadin1.jar;D:\win10_soft\respository\org\springframework\spring-test\5.0.13.RELEASE\spring-test-5.0.13.RELEASE.jar;D:\win10_soft\respository\org\xmlunit\xmlunit-core\2.5.1\xmlunit-core-2.5.1.jar;"/>
    <property name="java.vm.vendor" value="Oracle Corporation"/>
    <property name="sun.arch.data.model" value="64"/>
    <property name="user.variant" value=""/>
    <property name="java.vendor.url" value="http://java.oracle.com/"/>
    <property name="user.timezone" value=""/>
    <property name="java.vm.specification.version" value="1.8"/>
    <property name="os.name" value="Windows 10"/>
    <property name="user.country" value="CN"/>
    <property name="sun.java.launcher" value="SUN_STANDARD"/>
    <property name="sun.boot.library.path" value="D:\win10_soft\jdk1.8.0_261\jre\bin"/>
    <property name="sun.java.command" value="C:\Users\1\AppData\Local\Temp\surefire2439064985519411948\surefirebooter3133814622205826251.jar C:\Users\1\AppData\Local\Temp\surefire2439064985519411948 2020-11-15T15-29-03_157-jvmRun1 surefire435380839257045535tmp surefire_02746282131941357414tmp"/>
    <property name="surefire.test.class.path" value="D:\jiangfeng\Java训练营\kimmking\04fx\springboot01\target\test-classes;D:\jiangfeng\Java训练营\kimmking\04fx\springboot01\target\classes;D:\win10_soft\respository\org\springframework\boot\spring-boot-starter\2.0.9.RELEASE\spring-boot-starter-2.0.9.RELEASE.jar;D:\win10_soft\respository\org\springframework\boot\spring-boot\2.0.9.RELEASE\spring-boot-2.0.9.RELEASE.jar;D:\win10_soft\respository\org\springframework\spring-context\5.0.13.RELEASE\spring-context-5.0.13.RELEASE.jar;D:\win10_soft\respository\org\springframework\boot\spring-boot-autoconfigure\2.0.9.RELEASE\spring-boot-autoconfigure-2.0.9.RELEASE.jar;D:\win10_soft\respository\org\springframework\boot\spring-boot-starter-logging\2.0.9.RELEASE\spring-boot-starter-logging-2.0.9.RELEASE.jar;D:\win10_soft\respository\ch\qos\logback\logback-classic\1.2.3\logback-classic-1.2.3.jar;D:\win10_soft\respository\ch\qos\logback\logback-core\1.2.3\logback-core-1.2.3.jar;D:\win10_soft\respository\org\apache\logging\log4j\log4j-to-slf4j\2.10.0\log4j-to-slf4j-2.10.0.jar;D:\win10_soft\respository\org\apache\logging\log4j\log4j-api\2.10.0\log4j-api-2.10.0.jar;D:\win10_soft\respository\org\slf4j\jul-to-slf4j\1.7.26\jul-to-slf4j-1.7.26.jar;D:\win10_soft\respository\javax\annotation\javax.annotation-api\1.3.2\javax.annotation-api-1.3.2.jar;D:\win10_soft\respository\org\springframework\spring-core\5.0.13.RELEASE\spring-core-5.0.13.RELEASE.jar;D:\win10_soft\respository\org\springframework\spring-jcl\5.0.13.RELEASE\spring-jcl-5.0.13.RELEASE.jar;D:\win10_soft\respository\org\yaml\snakeyaml\1.19\snakeyaml-1.19.jar;D:\win10_soft\respository\org\springframework\boot\spring-boot-starter-activemq\2.0.9.RELEASE\spring-boot-starter-activemq-2.0.9.RELEASE.jar;D:\win10_soft\respository\org\springframework\spring-jms\5.0.13.RELEASE\spring-jms-5.0.13.RELEASE.jar;D:\win10_soft\respository\org\springframework\spring-beans\5.0.13.RELEASE\spring-beans-5.0.13.RELEASE.jar;D:\win10_soft\respository\org\springframework\spring-messaging\5.0.13.RELEASE\spring-messaging-5.0.13.RELEASE.jar;D:\win10_soft\respository\org\springframework\spring-tx\5.0.13.RELEASE\spring-tx-5.0.13.RELEASE.jar;D:\win10_soft\respository\org\apache\activemq\activemq-broker\5.15.9\activemq-broker-5.15.9.jar;D:\win10_soft\respository\org\apache\activemq\activemq-openwire-legacy\5.15.9\activemq-openwire-legacy-5.15.9.jar;D:\win10_soft\respository\com\google\guava\guava\18.0\guava-18.0.jar;D:\win10_soft\respository\com\fasterxml\jackson\core\jackson-databind\2.9.8\jackson-databind-2.9.8.jar;D:\win10_soft\respository\com\fasterxml\jackson\core\jackson-annotations\2.9.0\jackson-annotations-2.9.0.jar;D:\win10_soft\respository\com\fasterxml\jackson\core\jackson-core\2.9.8\jackson-core-2.9.8.jar;D:\win10_soft\respository\javax\jms\javax.jms-api\2.0.1\javax.jms-api-2.0.1.jar;D:\win10_soft\respository\org\springframework\boot\spring-boot-starter-web\2.0.9.RELEASE\spring-boot-starter-web-2.0.9.RELEASE.jar;D:\win10_soft\respository\org\springframework\boot\spring-boot-starter-json\2.0.9.RELEASE\spring-boot-starter-json-2.0.9.RELEASE.jar;D:\win10_soft\respository\com\fasterxml\jackson\datatype\jackson-datatype-jdk8\2.9.8\jackson-datatype-jdk8-2.9.8.jar;D:\win10_soft\respository\com\fasterxml\jackson\datatype\jackson-datatype-jsr310\2.9.8\jackson-datatype-jsr310-2.9.8.jar;D:\win10_soft\respository\com\fasterxml\jackson\module\jackson-module-parameter-names\2.9.8\jackson-module-parameter-names-2.9.8.jar;D:\win10_soft\respository\org\springframework\boot\spring-boot-starter-tomcat\2.0.9.RELEASE\spring-boot-starter-tomcat-2.0.9.RELEASE.jar;D:\win10_soft\respository\org\apache\tomcat\embed\tomcat-embed-core\8.5.39\tomcat-embed-core-8.5.39.jar;D:\win10_soft\respository\org\apache\tomcat\embed\tomcat-embed-el\8.5.39\tomcat-embed-el-8.5.39.jar;D:\win10_soft\respository\org\apache\tomcat\embed\tomcat-embed-websocket\8.5.39\tomcat-embed-websocket-8.5.39.jar;D:\win10_soft\respository\org\hibernate\validator\hibernate-validator\6.0.16.Final\hibernate-validator-6.0.16.Final.jar;D:\win10_soft\respository\javax\validation\validation-api\2.0.1.Final\validation-api-2.0.1.Final.jar;D:\win10_soft\respository\org\jboss\logging\jboss-logging\3.3.2.Final\jboss-logging-3.3.2.Final.jar;D:\win10_soft\respository\com\fasterxml\classmate\1.3.4\classmate-1.3.4.jar;D:\win10_soft\respository\org\springframework\spring-web\5.0.13.RELEASE\spring-web-5.0.13.RELEASE.jar;D:\win10_soft\respository\org\springframework\spring-webmvc\5.0.13.RELEASE\spring-webmvc-5.0.13.RELEASE.jar;D:\win10_soft\respository\org\springframework\spring-aop\5.0.13.RELEASE\spring-aop-5.0.13.RELEASE.jar;D:\win10_soft\respository\org\springframework\spring-expression\5.0.13.RELEASE\spring-expression-5.0.13.RELEASE.jar;D:\win10_soft\respository\org\apache\activemq\activemq-pool\5.15.0\activemq-pool-5.15.0.jar;D:\win10_soft\respository\org\slf4j\slf4j-api\1.7.26\slf4j-api-1.7.26.jar;D:\win10_soft\respository\org\apache\activemq\activemq-jms-pool\5.15.9\activemq-jms-pool-5.15.9.jar;D:\win10_soft\respository\org\apache\geronimo\specs\geronimo-jms_1.1_spec\1.1.1\geronimo-jms_1.1_spec-1.1.1.jar;D:\win10_soft\respository\org\apache\activemq\activemq-client\5.15.9\activemq-client-5.15.9.jar;D:\win10_soft\respository\org\fusesource\hawtbuf\hawtbuf\1.11\hawtbuf-1.11.jar;D:\win10_soft\respository\org\apache\geronimo\specs\geronimo-j2ee-management_1.1_spec\1.0.1\geronimo-j2ee-management_1.1_spec-1.0.1.jar;D:\win10_soft\respository\org\apache\geronimo\specs\geronimo-jta_1.0.1B_spec\1.0.1\geronimo-jta_1.0.1B_spec-1.0.1.jar;D:\win10_soft\respository\org\apache\commons\commons-pool2\2.5.0\commons-pool2-2.5.0.jar;D:\win10_soft\respository\org\springframework\boot\spring-boot-starter-data-mongodb\2.0.9.RELEASE\spring-boot-starter-data-mongodb-2.0.9.RELEASE.jar;D:\win10_soft\respository\org\mongodb\mongodb-driver\3.6.4\mongodb-driver-3.6.4.jar;D:\win10_soft\respository\org\mongodb\bson\3.6.4\bson-3.6.4.jar;D:\win10_soft\respository\org\mongodb\mongodb-driver-core\3.6.4\mongodb-driver-core-3.6.4.jar;D:\win10_soft\respository\org\springframework\data\spring-data-mongodb\2.0.14.RELEASE\spring-data-mongodb-2.0.14.RELEASE.jar;D:\win10_soft\respository\org\springframework\data\spring-data-commons\2.0.14.RELEASE\spring-data-commons-2.0.14.RELEASE.jar;D:\win10_soft\respository\org\springframework\boot\spring-boot-starter-test\2.0.9.RELEASE\spring-boot-starter-test-2.0.9.RELEASE.jar;D:\win10_soft\respository\org\springframework\boot\spring-boot-test\2.0.9.RELEASE\spring-boot-test-2.0.9.RELEASE.jar;D:\win10_soft\respository\org\springframework\boot\spring-boot-test-autoconfigure\2.0.9.RELEASE\spring-boot-test-autoconfigure-2.0.9.RELEASE.jar;D:\win10_soft\respository\com\jayway\jsonpath\json-path\2.4.0\json-path-2.4.0.jar;D:\win10_soft\respository\net\minidev\json-smart\2.3\json-smart-2.3.jar;D:\win10_soft\respository\net\minidev\accessors-smart\1.2\accessors-smart-1.2.jar;D:\win10_soft\respository\org\ow2\asm\asm\5.0.4\asm-5.0.4.jar;D:\win10_soft\respository\junit\junit\4.12\junit-4.12.jar;D:\win10_soft\respository\org\assertj\assertj-core\3.9.1\assertj-core-3.9.1.jar;D:\win10_soft\respository\org\mockito\mockito-core\2.15.0\mockito-core-2.15.0.jar;D:\win10_soft\respository\net\bytebuddy\byte-buddy\1.7.11\byte-buddy-1.7.11.jar;D:\win10_soft\respository\net\bytebuddy\byte-buddy-agent\1.7.11\byte-buddy-agent-1.7.11.jar;D:\win10_soft\respository\org\objenesis\objenesis\2.6\objenesis-2.6.jar;D:\win10_soft\respository\org\hamcrest\hamcrest-core\1.3\hamcrest-core-1.3.jar;D:\win10_soft\respository\org\hamcrest\hamcrest-library\1.3\hamcrest-library-1.3.jar;D:\win10_soft\respository\org\skyscreamer\jsonassert\1.5.0\jsonassert-1.5.0.jar;D:\win10_soft\respository\com\vaadin\external\google\android-json\0.0.20131108.vaadin1\android-json-0.0.20131108.vaadin1.jar;D:\win10_soft\respository\org\springframework\spring-test\5.0.13.RELEASE\spring-test-5.0.13.RELEASE.jar;D:\win10_soft\respository\org\xmlunit\xmlunit-core\2.5.1\xmlunit-core-2.5.1.jar;"/>
    <property name="sun.cpu.endian" value="little"/>
    <property name="user.home" value="C:\Users\1"/>
    <property name="user.language" value="zh"/>
    <property name="java.specification.vendor" value="Oracle Corporation"/>
    <property name="java.home" value="D:\win10_soft\jdk1.8.0_261\jre"/>
    <property name="basedir" value="D:\jiangfeng\Java训练营\kimmking\04fx\springboot01"/>
    <property name="file.separator" value="\"/>
    <property name="line.separator" value="&#10;"/>
    <property name="java.vm.specification.vendor" value="Oracle Corporation"/>
    <property name="java.specification.name" value="Java Platform API Specification"/>
    <property name="java.awt.graphicsenv" value="sun.awt.Win32GraphicsEnvironment"/>
    <property name="surefire.real.class.path" value="C:\Users\1\AppData\Local\Temp\surefire2439064985519411948\surefirebooter3133814622205826251.jar"/>
    <property name="sun.boot.class.path" value="D:\win10_soft\jdk1.8.0_261\jre\lib\resources.jar;D:\win10_soft\jdk1.8.0_261\jre\lib\rt.jar;D:\win10_soft\jdk1.8.0_261\jre\lib\sunrsasign.jar;D:\win10_soft\jdk1.8.0_261\jre\lib\jsse.jar;D:\win10_soft\jdk1.8.0_261\jre\lib\jce.jar;D:\win10_soft\jdk1.8.0_261\jre\lib\charsets.jar;D:\win10_soft\jdk1.8.0_261\jre\lib\jfr.jar;D:\win10_soft\jdk1.8.0_261\jre\classes"/>
    <property name="user.script" value=""/>
    <property name="sun.management.compiler" value="HotSpot 64-Bit Tiered Compilers"/>
    <property name="java.runtime.version" value="1.8.0_261-b12"/>
    <property name="user.name" value="1"/>
    <property name="path.separator" value=";"/>
    <property name="os.version" value="10.0"/>
    <property name="java.endorsed.dirs" value="D:\win10_soft\jdk1.8.0_261\jre\lib\endorsed"/>
    <property name="java.runtime.name" value="Java(TM) SE Runtime Environment"/>
    <property name="file.encoding" value="GBK"/>
    <property name="java.vm.name" value="Java HotSpot(TM) 64-Bit Server VM"/>
    <property name="localRepository" value="D:\win10_soft\respository"/>
    <property name="java.vendor.url.bug" value="http://bugreport.sun.com/bugreport/"/>
    <property name="java.io.tmpdir" value="C:\Users\1\AppData\Local\Temp\"/>
    <property name="java.version" value="1.8.0_261"/>
    <property name="user.dir" value="D:\jiangfeng\Java训练营\kimmking\04fx\springboot01"/>
    <property name="os.arch" value="amd64"/>
    <property name="java.vm.specification.name" value="Java Virtual Machine Specification"/>
    <property name="java.awt.printerjob" value="sun.awt.windows.WPrinterJob"/>
    <property name="idea.version2019.1.3" value="true"/>
    <property name="sun.os.patch.level" value=""/>
    <property name="java.library.path" value="D:\win10_soft\jdk1.8.0_261\jre\bin;C:\WINDOWS\Sun\Java\bin;C:\WINDOWS\system32;C:\WINDOWS;C:\app\client\1\product\12.1.0\client_1;C:\app\client\1\product\12.1.0\client_1\bin;C:\app\1\product\11.2.0\client_1;C:\Program Files (x86)\Common Files\Oracle\Java\javapath;C:\WINDOWS\system32;C:\WINDOWS;C:\WINDOWS\System32\Wbem;C:\WINDOWS\System32\WindowsPowerShell\v1.0\;C:\Program Files\dotnet\;C:\Program Files\Microsoft SQL Server\130\Tools\Binn\;C:\Program Files (x86)\dotnet\;C:\Program Files\PuTTY\;C:\Program Files\Git\cmd;C:\WINDOWS\System32\OpenSSH\;C:\Program Files\Intel\WiFi\bin\;C:\Program Files\Common Files\Intel\WirelessCommon\;C:\Program Files\nodejs\;C:\Program Files\Microsoft\Web Platform Installer\;C:\Program Files (x86)\Microsoft ASP.NET\ASP.NET Web Pages\v1.0\;C:\Program Files (x86)\Windows Kits\8.0\Windows Performance Toolkit\;C:\Program Files\Microsoft SQL Server\110\Tools\Binn\;D:\win10_soft\jdk1.8.0_261\bin;D:\win10_soft\maven3.6.0\bin;D:\win10_soft\TortoiseSVN\bin;c:\Program Files (x86)\Intel\Intel(R) Management Engine Components\DAL;c:\Program Files\Intel\Intel(R) Management Engine Components\DAL;C:\Program Files\TortoiseGit\bin;C:\Users\1\AppData\Local\Microsoft\WindowsApps;C:\Program Files\Git\bin;C:\Users\1\AppData\Local\Programs\Microsoft VS Code\bin;C:\Users\1\AppData\Roaming\npm;D:\win10_soft\jdk1.8.0_261\bin;D:\win10_soft\maven3.6.0\bin;C:\Program Files (x86)\OpenVPN\bin;C:\Program Files\JetBrains\IntelliJ IDEA 2019.1.3\bin;;;."/>
    <property name="java.vm.info" value="mixed mode"/>
    <property name="java.vendor" value="Oracle Corporation"/>
    <property name="java.vm.version" value="25.261-b12"/>
    <property name="java.ext.dirs" value="D:\win10_soft\jdk1.8.0_261\jre\lib\ext;C:\WINDOWS\Sun\Java\lib\ext"/>
    <property name="sun.io.unicode.encoding" value="UnicodeLittle"/>
    <property name="java.class.version" value="52.0"/>
  </properties>
  <testcase name="initializationError" classname="io.kimmking.springboot01.Springboot01ApplicationTests" time="0.015">
    <error message="The class io.kimmking.springboot01.Springboot01ApplicationTests is not public." type="java.lang.Exception">java.lang.Exception: The class io.kimmking.springboot01.Springboot01ApplicationTests is not public.
</error>
  </testcase>
  <testcase name="initializationError" classname="io.kimmking.springboot01.Springboot01ApplicationTests" time="0">
    <error message="Test class should have exactly one public constructor" type="java.lang.Exception">java.lang.Exception: Test class should have exactly one public constructor
</error>
  </testcase>
  <testcase name="initializationError" classname="io.kimmking.springboot01.Springboot01ApplicationTests" time="0">
    <error message="Method contextLoads() should be public" type="java.lang.Exception">java.lang.Exception: Method contextLoads() should be public
</error>
  </testcase>
</testsuite>